<?xml version="1.0" encoding="UTF-8"?>
<!-- Generated by org.testng.reporters.JUnitXMLReporter -->
<testsuite hostname="Nischitha" name="Default test" tests="3" failures="0" timestamp="1 Oct 2017 21:15:23 GMT" time="30.893" errors="0">
  <testcase name="basePageNavigation" time="9.731" classname="E2EFramework.HomePage"/>
  <testcase name="basePageNavigation" time="7.458" classname="E2EFramework.HomePage"/>
  <testcase name="basePageNavigation" time="6.47" classname="E2EFramework.HomePage"/>
</testsuite> <!-- Default test -->
