<?xml version="1.0" encoding="UTF-8"?>
<testng-results skipped="0" failed="1" total="4" passed="3">
  <reporter-output>
  </reporter-output>
  <suite name="Suite" duration-ms="47572" started-at="2017-10-02T10:43:32Z" finished-at="2017-10-02T10:44:20Z">
    <groups>
    </groups>
    <test name="Test1" duration-ms="35725" started-at="2017-10-02T10:43:32Z" finished-at="2017-10-02T10:44:08Z">
      <class name="E2EFramework.HomePage">
        <test-method status="PASS" signature="initializer()[pri:0, instance:E2EFramework.HomePage@1285d7e]" name="initializer" is-config="true" duration-ms="3385" started-at="2017-10-02T16:13:32Z" finished-at="2017-10-02T16:13:36Z">
          <reporter-output>
          </reporter-output>
        </test-method> <!-- initializer -->
        <test-method status="PASS" signature="basePageNavigation(java.lang.String, java.lang.String)[pri:0, instance:E2EFramework.HomePage@1285d7e]" name="basePageNavigation" duration-ms="20202" started-at="2017-10-02T16:13:36Z" data-provider="getdata" finished-at="2017-10-02T16:13:56Z">
          <params>
            <param index="0">
              <value>
                <![CDATA[abc@123.com]]>
              </value>
            </param>
            <param index="1">
              <value>
                <![CDATA[123]]>
              </value>
            </param>
          </params>
          <reporter-output>
          </reporter-output>
        </test-method> <!-- basePageNavigation -->
        <test-method status="PASS" signature="basePageNavigation(java.lang.String, java.lang.String)[pri:0, instance:E2EFramework.HomePage@1285d7e]" name="basePageNavigation" duration-ms="6344" started-at="2017-10-02T16:13:56Z" data-provider="getdata" finished-at="2017-10-02T16:14:02Z">
          <params>
            <param index="0">
              <value>
                <![CDATA[def@456.com]]>
              </value>
            </param>
            <param index="1">
              <value>
                <![CDATA[456]]>
              </value>
            </param>
          </params>
          <reporter-output>
          </reporter-output>
        </test-method> <!-- basePageNavigation -->
        <test-method status="PASS" signature="basePageNavigation(java.lang.String, java.lang.String)[pri:0, instance:E2EFramework.HomePage@1285d7e]" name="basePageNavigation" duration-ms="5563" started-at="2017-10-02T16:14:02Z" data-provider="getdata" finished-at="2017-10-02T16:14:08Z">
          <params>
            <param index="0">
              <value>
                <![CDATA[ghi@789.com]]>
              </value>
            </param>
            <param index="1">
              <value>
                <![CDATA[789]]>
              </value>
            </param>
          </params>
          <reporter-output>
          </reporter-output>
        </test-method> <!-- basePageNavigation -->
        <test-method status="PASS" signature="closeBrowser()[pri:0, instance:E2EFramework.HomePage@1285d7e]" name="closeBrowser" is-config="true" duration-ms="212" started-at="2017-10-02T16:14:08Z" finished-at="2017-10-02T16:14:08Z">
          <reporter-output>
          </reporter-output>
        </test-method> <!-- closeBrowser -->
      </class> <!-- E2EFramework.HomePage -->
    </test> <!-- Test1 -->
    <test name="Test2" duration-ms="11805" started-at="2017-10-02T10:44:08Z" finished-at="2017-10-02T10:44:20Z">
      <class name="E2EFramework.ValidateTitle">
        <test-method status="PASS" signature="initializer()[pri:0, instance:E2EFramework.ValidateTitle@1d20d0b]" name="initializer" is-config="true" duration-ms="8875" started-at="2017-10-02T16:14:08Z" finished-at="2017-10-02T16:14:17Z">
          <reporter-output>
          </reporter-output>
        </test-method> <!-- initializer -->
        <test-method status="FAIL" signature="basePageNavigation()[pri:0, instance:E2EFramework.ValidateTitle@1d20d0b]" name="basePageNavigation" duration-ms="144" started-at="2017-10-02T16:14:17Z" finished-at="2017-10-02T16:14:17Z">
          <exception class="junit.framework.ComparisonFailure">
            <message>
              <![CDATA[expected:<... 122> but was:<...>]]>
            </message>
            <full-stacktrace>
              <![CDATA[junit.framework.ComparisonFailure: expected:<... 122> but was:<...>
	at junit.framework.Assert.assertEquals(Assert.java:81)
	at junit.framework.Assert.assertEquals(Assert.java:87)
	at E2EFramework.ValidateTitle.basePageNavigation(ValidateTitle.java:34)
	at sun.reflect.NativeMethodAccessorImpl.invoke0(Native Method)
	at sun.reflect.NativeMethodAccessorImpl.invoke(NativeMethodAccessorImpl.java:62)
	at sun.reflect.DelegatingMethodAccessorImpl.invoke(DelegatingMethodAccessorImpl.java:43)
	at java.lang.reflect.Method.invoke(Method.java:498)
	at org.testng.internal.MethodInvocationHelper.invokeMethod(MethodInvocationHelper.java:80)
	at org.testng.internal.Invoker.invokeMethod(Invoker.java:714)
	at org.testng.internal.Invoker.invokeTestMethod(Invoker.java:901)
	at org.testng.internal.Invoker.invokeTestMethods(Invoker.java:1231)
	at org.testng.internal.TestMethodWorker.invokeTestMethods(TestMethodWorker.java:127)
	at org.testng.internal.TestMethodWorker.run(TestMethodWorker.java:111)
	at org.testng.TestRunner.privateRun(TestRunner.java:767)
	at org.testng.TestRunner.run(TestRunner.java:617)
	at org.testng.SuiteRunner.runTest(SuiteRunner.java:334)
	at org.testng.SuiteRunner.runSequentially(SuiteRunner.java:329)
	at org.testng.SuiteRunner.privateRun(SuiteRunner.java:291)
	at org.testng.SuiteRunner.run(SuiteRunner.java:240)
	at org.testng.SuiteRunnerWorker.runSuite(SuiteRunnerWorker.java:52)
	at org.testng.SuiteRunnerWorker.run(SuiteRunnerWorker.java:86)
	at org.testng.TestNG.runSuitesSequentially(TestNG.java:1198)
	at org.testng.TestNG.runSuitesLocally(TestNG.java:1123)
	at org.testng.TestNG.run(TestNG.java:1031)
	at org.apache.maven.surefire.testng.TestNGExecutor.run(TestNGExecutor.java:283)
	at org.apache.maven.surefire.testng.TestNGXmlTestSuite.execute(TestNGXmlTestSuite.java:75)
	at org.apache.maven.surefire.testng.TestNGProvider.invoke(TestNGProvider.java:120)
	at org.apache.maven.surefire.booter.ForkedBooter.invokeProviderInSameClassLoader(ForkedBooter.java:373)
	at org.apache.maven.surefire.booter.ForkedBooter.runSuitesInProcess(ForkedBooter.java:334)
	at org.apache.maven.surefire.booter.ForkedBooter.execute(ForkedBooter.java:119)
	at org.apache.maven.surefire.booter.ForkedBooter.main(ForkedBooter.java:407)
]]>
            </full-stacktrace>
          </exception> <!-- junit.framework.ComparisonFailure -->
          <reporter-output>
          </reporter-output>
        </test-method> <!-- basePageNavigation -->
        <test-method status="PASS" signature="closeBrowser()[pri:0, instance:E2EFramework.ValidateTitle@1d20d0b]" name="closeBrowser" is-config="true" duration-ms="2237" started-at="2017-10-02T16:14:18Z" finished-at="2017-10-02T16:14:20Z">
          <reporter-output>
          </reporter-output>
        </test-method> <!-- closeBrowser -->
      </class> <!-- E2EFramework.ValidateTitle -->
    </test> <!-- Test2 -->
  </suite> <!-- Suite -->
</testng-results>
