-------------------------------------------------------------------------------
Test set: TestSuite
-------------------------------------------------------------------------------
Tests run: 4, Failures: 1, Errors: 0, Skipped: 0, Time elapsed: 50.072 s <<< FAILURE! - in TestSuite
basePageNavigation(E2EFramework.ValidateTitle)  Time elapsed: 0.151 s  <<< FAILURE!
junit.framework.ComparisonFailure: expected:<... 122> but was:<...>
	at E2EFramework.ValidateTitle.basePageNavigation(ValidateTitle.java:34)

