<?xml version="1.0" encoding="UTF-8"?>
<testsuite xmlns:xsi="http://www.w3.org/2001/XMLSchema-instance" xsi:noNamespaceSchemaLocation="https://maven.apache.org/surefire/maven-surefire-plugin/xsd/surefire-test-report.xsd" name="TestSuite" time="50.072" tests="4" errors="0" skipped="0" failures="1">
  <properties>
[...]
</properties>
  <testcase name="basePageNavigation" classname="E2EFramework.HomePage" time="20.204"/>
  <testcase name="basePageNavigation" classname="E2EFramework.HomePage" time="6.343"/>
  <testcase name="basePageNavigation" classname="E2EFramework.HomePage" time="5.564"/>
  <testcase name="basePageNavigation" classname="E2EFramework.ValidateTitle" time="0.151">
    <failure message="expected:&lt;... 122&gt; but was:&lt;...&gt;" type="junit.framework.ComparisonFailure"><![CDATA[junit.framework.ComparisonFailure: expected:<... 122> but was:<...>
	at E2EFramework.ValidateTitle.basePageNavigation(ValidateTitle.java:34)
]]></failure>
    <system-err><![CDATA[Starting ChromeDriver 2.28.455520 (cc17746adff54984afff480136733114c6b3704b) on port 20776
Only local connections are allowed.
Oct 02, 2017 4:14:12 PM org.openqa.selenium.remote.ProtocolHandshake createSession
INFO: Detected dialect: OSS
]]></system-err>
  </testcase>
</testsuite>