<?xml version="1.0" encoding="UTF-8"?>
<testng-results skipped="0" failed="0" total="4" passed="4">
  <reporter-output>
  </reporter-output>
  <suite name="Test E2E" duration-ms="55883" started-at="2018-01-07T04:57:12Z" finished-at="2018-01-07T04:58:08Z">
    <groups>
    </groups>
    <test name="Test1" duration-ms="38319" started-at="2018-01-07T04:57:12Z" finished-at="2018-01-07T04:57:50Z">
      <class name="E2EPractise.HomePage">
        <test-method status="PASS" signature="iniialize()[pri:0, instance:E2EPractise.HomePage@116aac9]" name="iniialize" is-config="true" duration-ms="9162" started-at="2018-01-07T10:27:12Z" finished-at="2018-01-07T10:27:21Z">
          <reporter-output>
          </reporter-output>
        </test-method> <!-- iniialize -->
        <test-method status="PASS" signature="basePageNavigation(java.lang.String, java.lang.String)[pri:0, instance:E2EPractise.HomePage@116aac9]" name="basePageNavigation" duration-ms="20564" started-at="2018-01-07T10:27:21Z" data-provider="getdata" finished-at="2018-01-07T10:27:42Z">
          <params>
            <param index="0">
              <value>
                <![CDATA[mno@xyz]]>
              </value>
            </param>
            <param index="1">
              <value>
                <![CDATA[pqr]]>
              </value>
            </param>
          </params>
          <reporter-output>
          </reporter-output>
        </test-method> <!-- basePageNavigation -->
        <test-method status="PASS" signature="basePageNavigation(java.lang.String, java.lang.String)[pri:0, instance:E2EPractise.HomePage@116aac9]" name="basePageNavigation" duration-ms="7943" started-at="2018-01-07T10:27:42Z" data-provider="getdata" finished-at="2018-01-07T10:27:50Z">
          <params>
            <param index="0">
              <value>
                <![CDATA[ghi@xyz]]>
              </value>
            </param>
            <param index="1">
              <value>
                <![CDATA[mno]]>
              </value>
            </param>
          </params>
          <reporter-output>
          </reporter-output>
        </test-method> <!-- basePageNavigation -->
        <test-method status="PASS" signature="closeBrowser()[pri:0, instance:E2EPractise.HomePage@116aac9]" name="closeBrowser" is-config="true" duration-ms="619" started-at="2018-01-07T10:27:50Z" finished-at="2018-01-07T10:27:50Z">
          <reporter-output>
          </reporter-output>
        </test-method> <!-- closeBrowser -->
      </class> <!-- E2EPractise.HomePage -->
    </test> <!-- Test1 -->
    <test name="Test2" duration-ms="9727" started-at="2018-01-07T04:57:51Z" finished-at="2018-01-07T04:58:00Z">
      <class name="E2EPractise.ValidateNavigation">
        <test-method status="PASS" signature="iniialize()[pri:0, instance:E2EPractise.ValidateNavigation@10f4dc7]" name="iniialize" is-config="true" duration-ms="9278" started-at="2018-01-07T10:27:51Z" finished-at="2018-01-07T10:28:00Z">
          <reporter-output>
          </reporter-output>
        </test-method> <!-- iniialize -->
        <test-method status="PASS" signature="basePageNavigation()[pri:0, instance:E2EPractise.ValidateNavigation@10f4dc7]" name="basePageNavigation" duration-ms="171" started-at="2018-01-07T10:28:00Z" finished-at="2018-01-07T10:28:00Z">
          <reporter-output>
          </reporter-output>
        </test-method> <!-- basePageNavigation -->
        <test-method status="PASS" signature="closeBrowser()[pri:0, instance:E2EPractise.ValidateNavigation@10f4dc7]" name="closeBrowser" is-config="true" duration-ms="278" started-at="2018-01-07T10:28:00Z" finished-at="2018-01-07T10:28:00Z">
          <reporter-output>
          </reporter-output>
        </test-method> <!-- closeBrowser -->
      </class> <!-- E2EPractise.ValidateNavigation -->
    </test> <!-- Test2 -->
    <test name="Test3" duration-ms="7671" started-at="2018-01-07T04:58:00Z" finished-at="2018-01-07T04:58:08Z">
      <class name="E2EPractise.ValidateTitle">
        <test-method status="PASS" signature="iniialize()[pri:0, instance:E2EPractise.ValidateTitle@297b3a]" name="iniialize" is-config="true" duration-ms="7338" started-at="2018-01-07T10:28:00Z" finished-at="2018-01-07T10:28:08Z">
          <reporter-output>
          </reporter-output>
        </test-method> <!-- iniialize -->
        <test-method status="PASS" signature="basePageNavigation()[pri:0, instance:E2EPractise.ValidateTitle@297b3a]" name="basePageNavigation" duration-ms="89" started-at="2018-01-07T10:28:08Z" finished-at="2018-01-07T10:28:08Z">
          <reporter-output>
          </reporter-output>
        </test-method> <!-- basePageNavigation -->
        <test-method status="PASS" signature="closeBrowser()[pri:0, instance:E2EPractise.ValidateTitle@297b3a]" name="closeBrowser" is-config="true" duration-ms="244" started-at="2018-01-07T10:28:08Z" finished-at="2018-01-07T10:28:08Z">
          <reporter-output>
          </reporter-output>
        </test-method> <!-- closeBrowser -->
      </class> <!-- E2EPractise.ValidateTitle -->
    </test> <!-- Test3 -->
  </suite> <!-- Test E2E -->
</testng-results>
