<?xml version="1.0" encoding="UTF-8"?>
<!-- Generated by org.testng.reporters.JUnitXMLReporter -->
<testsuite hostname="Nischitha" ignored="0" name="Automation" tests="4" failures="0" timestamp="06 Jan 2018 08:30:27 GMT" time="58.715" errors="0">
  <testcase name="basePageNavigation" time="20.57" classname="E2EPractise.HomePage"/>
  <testcase name="basePageNavigation" time="11.574" classname="E2EPractise.HomePage"/>
  <testcase name="basePageNavigation" time="0.22" classname="E2EPractise.ValidateNavigation"/>
  <testcase name="basePageNavigation" time="0.122" classname="E2EPractise.ValidateTitle"/>
</testsuite> <!-- Automation -->
