<?xml version="1.0" encoding="UTF-8"?>
<!-- Generated by org.testng.reporters.JUnitXMLReporter -->
<testsuite hostname="Nischitha" name="Test2" tests="1" failures="1" timestamp="2 Oct 2017 09:41:10 GMT" time="10.476" errors="0">
  <testcase name="basePageNavigation" time="0.163" classname="E2EFramework.ValidateTitle">
    <failure type="junit.framework.ComparisonFailure" message="expected:&amp;lt;... 1234&amp;gt; but was:&amp;lt;...&amp;gt;">
      <![CDATA[junit.framework.ComparisonFailure: expected:<... 1234> but was:<...>
	at junit.framework.Assert.assertEquals(Assert.java:81)
	at junit.framework.Assert.assertEquals(Assert.java:87)
	at E2EFramework.ValidateTitle.basePageNavigation(ValidateTitle.java:34)
... Removed 24 stack frames]]>
    </failure>
  </testcase> <!-- basePageNavigation -->
</testsuite> <!-- Test2 -->
