<?xml version="1.0" encoding="UTF-8"?>
<!-- Generated by org.testng.reporters.JUnitXMLReporter -->
<testsuite hostname="Nischitha" name="Test1" tests="3" failures="0" timestamp="2 Oct 2017 09:41:00 GMT" time="27.914" errors="0">
  <testcase name="basePageNavigation" time="13.071" classname="E2EFramework.HomePage"/>
  <testcase name="basePageNavigation" time="6.004" classname="E2EFramework.HomePage"/>
  <testcase name="basePageNavigation" time="4.956" classname="E2EFramework.HomePage"/>
</testsuite> <!-- Test1 -->
