<?xml version="1.0" encoding="UTF-8"?>
<!-- Generated by org.testng.reporters.JUnitXMLReporter -->
<testsuite hostname="Nischitha" name="Test" tests="4" failures="0" timestamp="2 Oct 2017 08:15:23 GMT" time="46.212" errors="0">
  <testcase name="basePageNavigation" time="15.281" classname="E2EFramework.HomePage"/>
  <testcase name="basePageNavigation" time="7.997" classname="E2EFramework.HomePage"/>
  <testcase name="basePageNavigation" time="5.951" classname="E2EFramework.HomePage"/>
  <testcase name="basePageNavigation" time="0.168" classname="E2EFramework.ValidateTitle"/>
</testsuite> <!-- Test -->
