<?xml version="1.0" encoding="UTF-8"?>
<testng-results skipped="0" failed="1" total="4" passed="3">
  <reporter-output>
  </reporter-output>
  <suite name="Suite" duration-ms="38458" started-at="2017-10-02T09:40:32Z" finished-at="2017-10-02T09:41:10Z">
    <groups>
    </groups>
    <test name="Test1" duration-ms="27914" started-at="2017-10-02T09:40:32Z" finished-at="2017-10-02T09:41:00Z">
      <class name="E2EFramework.HomePage">
        <test-method status="PASS" signature="initializer()[pri:0, instance:E2EFramework.HomePage@309d4d]" name="initializer" is-config="true" duration-ms="3472" started-at="2017-10-02T15:10:32Z" finished-at="2017-10-02T15:10:35Z">
          <reporter-output>
          </reporter-output>
        </test-method> <!-- initializer -->
        <test-method status="PASS" signature="basePageNavigation(java.lang.String, java.lang.String)[pri:0, instance:E2EFramework.HomePage@309d4d]" name="basePageNavigation" duration-ms="13071" started-at="2017-10-02T15:10:35Z" data-provider="getdata" finished-at="2017-10-02T15:10:49Z">
          <params>
            <param index="0">
              <value>
                <![CDATA[abc@123.com]]>
              </value>
            </param>
            <param index="1">
              <value>
                <![CDATA[123]]>
              </value>
            </param>
          </params>
          <reporter-output>
          </reporter-output>
        </test-method> <!-- basePageNavigation -->
        <test-method status="PASS" signature="basePageNavigation(java.lang.String, java.lang.String)[pri:0, instance:E2EFramework.HomePage@309d4d]" name="basePageNavigation" duration-ms="6004" started-at="2017-10-02T15:10:49Z" data-provider="getdata" finished-at="2017-10-02T15:10:55Z">
          <params>
            <param index="0">
              <value>
                <![CDATA[def@456.com]]>
              </value>
            </param>
            <param index="1">
              <value>
                <![CDATA[456]]>
              </value>
            </param>
          </params>
          <reporter-output>
          </reporter-output>
        </test-method> <!-- basePageNavigation -->
        <test-method status="PASS" signature="basePageNavigation(java.lang.String, java.lang.String)[pri:0, instance:E2EFramework.HomePage@309d4d]" name="basePageNavigation" duration-ms="4956" started-at="2017-10-02T15:10:55Z" data-provider="getdata" finished-at="2017-10-02T15:10:59Z">
          <params>
            <param index="0">
              <value>
                <![CDATA[ghi@789.com]]>
              </value>
            </param>
            <param index="1">
              <value>
                <![CDATA[789]]>
              </value>
            </param>
          </params>
          <reporter-output>
          </reporter-output>
        </test-method> <!-- basePageNavigation -->
        <test-method status="PASS" signature="closeBrowser()[pri:0, instance:E2EFramework.HomePage@309d4d]" name="closeBrowser" is-config="true" duration-ms="384" started-at="2017-10-02T15:10:59Z" finished-at="2017-10-02T15:11:00Z">
          <reporter-output>
          </reporter-output>
        </test-method> <!-- closeBrowser -->
      </class> <!-- E2EFramework.HomePage -->
    </test> <!-- Test1 -->
    <test name="Test2" duration-ms="10476" started-at="2017-10-02T09:41:00Z" finished-at="2017-10-02T09:41:10Z">
      <class name="E2EFramework.ValidateTitle">
        <test-method status="PASS" signature="initializer()[pri:0, instance:E2EFramework.ValidateTitle@1250572]" name="initializer" is-config="true" duration-ms="7540" started-at="2017-10-02T15:11:00Z" finished-at="2017-10-02T15:11:07Z">
          <reporter-output>
          </reporter-output>
        </test-method> <!-- initializer -->
        <test-method status="FAIL" signature="basePageNavigation()[pri:0, instance:E2EFramework.ValidateTitle@1250572]" name="basePageNavigation" duration-ms="163" started-at="2017-10-02T15:11:07Z" finished-at="2017-10-02T15:11:08Z">
          <exception class="junit.framework.ComparisonFailure">
            <message>
              <![CDATA[expected:<... 1234> but was:<...>]]>
            </message>
            <full-stacktrace>
              <![CDATA[junit.framework.ComparisonFailure: expected:<... 1234> but was:<...>
	at junit.framework.Assert.assertEquals(Assert.java:81)
	at junit.framework.Assert.assertEquals(Assert.java:87)
	at E2EFramework.ValidateTitle.basePageNavigation(ValidateTitle.java:34)
	at sun.reflect.NativeMethodAccessorImpl.invoke0(Native Method)
	at sun.reflect.NativeMethodAccessorImpl.invoke(NativeMethodAccessorImpl.java:62)
	at sun.reflect.DelegatingMethodAccessorImpl.invoke(DelegatingMethodAccessorImpl.java:43)
	at java.lang.reflect.Method.invoke(Method.java:498)
	at org.testng.internal.MethodInvocationHelper.invokeMethod(MethodInvocationHelper.java:80)
	at org.testng.internal.Invoker.invokeMethod(Invoker.java:714)
	at org.testng.internal.Invoker.invokeTestMethod(Invoker.java:901)
	at org.testng.internal.Invoker.invokeTestMethods(Invoker.java:1231)
	at org.testng.internal.TestMethodWorker.invokeTestMethods(TestMethodWorker.java:127)
	at org.testng.internal.TestMethodWorker.run(TestMethodWorker.java:111)
	at org.testng.TestRunner.privateRun(TestRunner.java:767)
	at org.testng.TestRunner.run(TestRunner.java:617)
	at org.testng.SuiteRunner.runTest(SuiteRunner.java:334)
	at org.testng.SuiteRunner.runSequentially(SuiteRunner.java:329)
	at org.testng.SuiteRunner.privateRun(SuiteRunner.java:291)
	at org.testng.SuiteRunner.run(SuiteRunner.java:240)
	at org.testng.SuiteRunnerWorker.runSuite(SuiteRunnerWorker.java:52)
	at org.testng.SuiteRunnerWorker.run(SuiteRunnerWorker.java:86)
	at org.testng.TestNG.runSuitesSequentially(TestNG.java:1198)
	at org.testng.TestNG.runSuitesLocally(TestNG.java:1123)
	at org.testng.TestNG.run(TestNG.java:1031)
	at org.testng.remote.AbstractRemoteTestNG.run(AbstractRemoteTestNG.java:132)
	at org.testng.remote.RemoteTestNG.initAndRun(RemoteTestNG.java:230)
	at org.testng.remote.RemoteTestNG.main(RemoteTestNG.java:76)
]]>
            </full-stacktrace>
          </exception> <!-- junit.framework.ComparisonFailure -->
          <reporter-output>
          </reporter-output>
        </test-method> <!-- basePageNavigation -->
        <test-method status="PASS" signature="closeBrowser()[pri:0, instance:E2EFramework.ValidateTitle@1250572]" name="closeBrowser" is-config="true" duration-ms="2134" started-at="2017-10-02T15:11:08Z" finished-at="2017-10-02T15:11:10Z">
          <reporter-output>
          </reporter-output>
        </test-method> <!-- closeBrowser -->
      </class> <!-- E2EFramework.ValidateTitle -->
    </test> <!-- Test2 -->
  </suite> <!-- Suite -->
</testng-results>
