<?xml version="1.0" encoding="UTF-8"?>
<!-- Generated by org.testng.reporters.JUnitXMLReporter -->
<testsuite hostname="Nischitha" name="Test1" tests="3" failures="0" timestamp="2 Oct 2017 10:44:08 GMT" time="35.725" errors="0">
  <testcase name="basePageNavigation" time="20.202" classname="E2EFramework.HomePage"/>
  <testcase name="basePageNavigation" time="6.344" classname="E2EFramework.HomePage"/>
  <testcase name="basePageNavigation" time="5.563" classname="E2EFramework.HomePage"/>
</testsuite> <!-- Test1 -->
