<?xml version="1.0" encoding="UTF-8"?>
<!-- Generated by org.testng.reporters.JUnitXMLReporter -->
<testsuite hostname="Nischitha" name="Test" tests="4" failures="0" timestamp="2 Oct 2017 08:02:05 GMT" time="76.214" errors="0">
  <testcase name="basePageNavigation" time="35.161" classname="E2EFramework.HomePage"/>
  <testcase name="basePageNavigation" time="22.044" classname="E2EFramework.HomePage"/>
  <testcase name="basePageNavigation" time="5.747" classname="E2EFramework.HomePage"/>
  <testcase name="basePageNavigation" time="0.208" classname="E2EFramework.ValidateTitle"/>
</testsuite> <!-- Test -->
