<?xml version="1.0" encoding="UTF-8"?>
<testsuite xmlns:xsi="http://www.w3.org/2001/XMLSchema-instance" xsi:noNamespaceSchemaLocation="https://maven.apache.org/surefire/maven-surefire-plugin/xsd/surefire-test-report.xsd" name="TestSuite" time="58.077" tests="4" errors="0" skipped="0" failures="0">
  <properties>
[...]
</properties>
  <testcase name="basePageNavigation" classname="E2EPractise.HomePage" time="20.568"/>
  <testcase name="basePageNavigation" classname="E2EPractise.HomePage" time="7.939"/>
  <testcase name="basePageNavigation" classname="E2EPractise.ValidateNavigation" time="0.162"/>
  <testcase name="basePageNavigation" classname="E2EPractise.ValidateTitle" time="0.083"/>
</testsuite>