<?xml version="1.0" encoding="UTF-8"?>
<!-- Generated by org.testng.reporters.JUnitXMLReporter -->
<testsuite hostname="Nischitha" ignored="0" name="Test3" tests="1" failures="1" timestamp="04 Feb 2018 19:18:44 GMT" time="13.823" errors="0">
  <testcase name="basePageNavigation" time="0.115" classname="E2EPractise.ValidateTitle">
    <failure type="java.lang.AssertionError" message="expected [FEATURED COURSES123] but found [FEATURED COURSES]">
      <![CDATA[java.lang.AssertionError: expected [FEATURED COURSES123] but found [FEATURED COURSES]
	at E2EPractise.ValidateTitle.basePageNavigation(ValidateTitle.java:38)
... Removed 31 stack frames]]>
    </failure>
  </testcase> <!-- basePageNavigation -->
</testsuite> <!-- Test3 -->
