<?xml version="1.0" encoding="UTF-8"?>
<!-- Generated by org.testng.reporters.JUnitXMLReporter -->
<testsuite hostname="Nischitha" ignored="0" name="Test" tests="4" failures="0" timestamp="06 Jan 2018 07:58:17 GMT" time="127.393" errors="0">
  <testcase name="basePageNavigation" time="52.381" classname="E2EPractise.HomePage"/>
  <testcase name="basePageNavigation" time="40.684" classname="E2EPractise.HomePage"/>
  <testcase name="basePageNavigation" time="0.149" classname="E2EPractise.ValidateTitle"/>
  <testcase name="basePageNavigation" time="0.189" classname="E2EPractise.ValidateNavigation"/>
</testsuite> <!-- Test -->
